<?xml version="1.0" encoding="UTF-8"?>
<!-- Generated by org.testng.reporters.JUnitReportReporter -->
<testsuite hostname="DESKTOP-IA8KLHD" failures="0" tests="4" name="com.TestNGDemos.Assignment26" time="35.701" errors="0" timestamp="2024-09-20T13:28:21 IST" skipped="0">
  <testcase classname="com.TestNGDemos.Assignment26" name="ClickSell" time="6.492"/>
  <system-out/>
  <testcase classname="com.TestNGDemos.Assignment26" name="ClickBestSeller" time="10.230"/>
  <system-out/>
  <testcase classname="com.TestNGDemos.Assignment26" name="ClickMobile" time="12.105"/>
  <system-out/>
  <testcase classname="com.TestNGDemos.Assignment26" name="ClickElectronics" time="6.874"/>
  <system-out/>
</testsuite> <!-- com.TestNGDemos.Assignment26 -->
