<?xml version="1.0" encoding="UTF-8"?>
<!-- Generated by org.testng.reporters.JUnitReportReporter -->
<testsuite hostname="DESKTOP-IA8KLHD" failures="0" tests="1" name="com.TestNGDemos.D01FirstTest" time="7.829" errors="0" timestamp="2024-09-19T21:00:52 IST" skipped="0">
  <testcase classname="com.TestNGDemos.D01FirstTest" name="OpenGoogle" time="7.829"/>
  <system-out/>
</testsuite> <!-- com.TestNGDemos.D01FirstTest -->
